<?xml version="1.0" encoding="UTF-8"?>
<testsuites name="jest tests" tests="7" failures="0" errors="0" time="6.944">
  <testsuite name="Login Component" errors="0" failures="0" skipped="1" timestamp="2025-06-22T02:12:42" time="6.686" tests="7">
    <testcase classname="Login Component renders login form with required fields" name="Login Component renders login form with required fields" time="0.374">
    </testcase>
    <testcase classname="Login Component validates email and password fields" name="Login Component validates email and password fields" time="0">
      <skipped/>
    </testcase>
    <testcase classname="Login Component shows error when API is not reachable" name="Login Component shows error when API is not reachable" time="0.055">
    </testcase>
    <testcase classname="Login Component handles successful login submission" name="Login Component handles successful login submission" time="0.121">
    </testcase>
    <testcase classname="Login Component toggles password visibility" name="Login Component toggles password visibility" time="0.09">
    </testcase>
    <testcase classname="Login Component displays OAuth login options" name="Login Component displays OAuth login options" time="0.095">
    </testcase>
    <testcase classname="Login Component handles MFA requirement" name="Login Component handles MFA requirement" time="0.105">
    </testcase>
  </testsuite>
</testsuites>